Arguments: 
  /usr/bin/node /home/diego/windows/.npm-global/bin/yarn add theme-switcher-component-1.0.0.tgz

PATH: 
  /home/diego/n/bin:/home/diego/windows/.npm-global/bin:/home/diego/windows/textlive/2019/bin/x86_64-linux:/home/diego/.local/bin:/home/diego/windows/.npm-global/bin:/home/diego/.local/bin:/usr/local/sbin:/usr/local/bin:/usr/sbin:/usr/bin:/sbin:/bin:/usr/games:/usr/local/games:/snap/bin

Yarn version: 
  1.22.4

Node version: 
  14.9.0

Platform: 
  linux x64

Trace: 
  Error: https://registry.yarnpkg.com/theme-switcher-component-1.0.0.tgz: Request failed "404 Not Found"
      at ResponseError.ExtendableBuiltin (/home/diego/windows/.npm-global/lib/node_modules/yarn/lib/cli.js:696:66)
      at new ResponseError (/home/diego/windows/.npm-global/lib/node_modules/yarn/lib/cli.js:802:124)
      at Request.<anonymous> (/home/diego/windows/.npm-global/lib/node_modules/yarn/lib/cli.js:67057:16)
      at Request.emit (events.js:314:20)
      at Request.module.exports.Request.onRequestResponse (/home/diego/windows/.npm-global/lib/node_modules/yarn/lib/cli.js:141625:10)
      at ClientRequest.emit (events.js:314:20)
      at HTTPParser.parserOnIncomingClient (_http_client.js:640:27)
      at HTTPParser.parserOnHeadersComplete (_http_common.js:119:17)
      at TLSSocket.socketOnData (_http_client.js:509:22)
      at TLSSocket.emit (events.js:314:20)

npm manifest: 
  {
    "scripts": {
      "server": "http-server"
    },
    "devDependencies": {},
    "dependencies": {}
  }

yarn manifest: 
  No manifest

Lockfile: 
  # THIS IS AN AUTOGENERATED FILE. DO NOT EDIT THIS FILE DIRECTLY.
  # yarn lockfile v1
  
  
  "theme-switcher-component@file:theme-switcher-component-1.0.0.tgz":
    version "1.0.0"
    resolved "file:theme-switcher-component-1.0.0.tgz#433860837ab0f2580ac7d46c5030fcae413c4bd6"
